writeCommonTags: couldn't write 'year' tag to 'Lupe Fiasco/Samurai [7Ljt29kNHAQ].m4a' as it's not a positive integer
writeCommonTags: couldn't write 'track' tag to 'Lupe Fiasco/Samurai [7Ljt29kNHAQ].m4a' as it's not a positive integer
writeCommonTags: couldn't write 'year' tag to 'Lupe Fiasco/MS. MURAL [cusyJRNX7YU].m4a' as it's not a positive integer
writeCommonTags: couldn't write 'track' tag to 'Lupe Fiasco/MS. MURAL [cusyJRNX7YU].m4a' as it's not a positive integer
writeCommonTags: couldn't write 'year' tag to 'Lupe Fiasco/Mural Jr. [6Bj5WbwktTA].m4a' as it's not a positive integer
writeCommonTags: couldn't write 'track' tag to 'Lupe Fiasco/Mural Jr. [6Bj5WbwktTA].m4a' as it's not a positive integer
writeCommonTags: couldn't write 'year' tag to 'Lupe Fiasco/KIOSK [JsZPxnrlNi0].m4a' as it's not a positive integer
writeCommonTags: couldn't write 'track' tag to 'Lupe Fiasco/KIOSK [JsZPxnrlNi0].m4a' as it's not a positive integer
writeCommonTags: couldn't write 'year' tag to 'N.Y. State of Mind [izhKFB0_2w0].m4a' as it's not a positive integer
writeCommonTags: couldn't write 'track' tag to 'N.Y. State of Mind [izhKFB0_2w0].m4a' as it's not a positive integer
writeCommonTags: couldn't write 'year' tag to 'N.Y. State of Mind [izhKFB0_2w0].m4a' as it's not a positive integer
writeCommonTags: couldn't write 'track' tag to 'N.Y. State of Mind [izhKFB0_2w0].m4a' as it's not a positive integer
writeCommonTags: couldn't write 'year' tag to 'Rap/Nas/Illmatic/N.Y. State of Mind.m4a' as it's not a positive integer
writeCommonTags: couldn't write 'track' tag to 'Rap/Nas/Illmatic/N.Y. State of Mind.m4a' as it's not a positive integer
writeCommonTags: couldn't write 'year' tag to 'Rap/Nas/Illmatic/Nas - Life's a Bitch (Official Audio) ft. AZ, Olu Dara [AxKleuLBRcw].m4a' as it's not a positive integer
writeCommonTags: couldn't write 'track' tag to 'Rap/Nas/Illmatic/Nas - Life's a Bitch (Official Audio) ft. AZ, Olu Dara [AxKleuLBRcw].m4a' as it's not a positive integer
writeCommonTags: couldn't write 'year' tag to 'Rap/Nas/Illmatic/Nas - Life's a Bitch (Official Audio) ft. AZ, Olu Dara [AxKleuLBRcw].m4a' as it's not a positive integer
writeCommonTags: couldn't write 'track' tag to 'Rap/Nas/Illmatic/Nas - Life's a Bitch (Official Audio) ft. AZ, Olu Dara [AxKleuLBRcw].m4a' as it's not a positive integer
writeCommonTags: couldn't write 'year' tag to 'Rap/Nas/Illmatic/N.Y. State of Mind.m4a' as it's not a positive integer
writeCommonTags: couldn't write 'year' tag to 'Rap/Nas/Illmatic/Life's a Bitch.m4a' as it's not a positive integer
